<?xml version="1.0" encoding="UTF-8"?>
<!-- Generated by org.testng.reporters.JUnitReportReporter -->
<testsuite hostname="Nagaraj-PC" failures="0" tests="1" name="com.w2a.testcase.CRMPageTest" time="9.852" errors="0" timestamp="18 Jan 2024 05:22:13 GMT" skipped="0">
  <testcase classname="com.w2a.testcase.CRMPageTest" name="crmPageTest" time="9.852"/>
</testsuite> <!-- com.w2a.testcase.CRMPageTest -->
